<?xml version="1.0" encoding="UTF-8"?>
<!-- Generated by org.testng.reporters.JUnitReportReporter -->
<testsuite skipped="0" hostname="LAPTOP-2PUSIUPJ" name="com.jbk.test.LoginNewTest" tests="1" failures="0" timestamp="2022-04-02T20:22:57 IST" time="6.814" errors="0">
  <testcase name="test01" time="6.814" classname="com.jbk.test.LoginNewTest"/>
  <system-out/>
</testsuite> <!-- com.jbk.test.LoginNewTest -->
