<?xml version="1.0" encoding="UTF-8"?>
<!-- Generated by org.testng.reporters.JUnitReportReporter -->
<testsuite skipped="0" hostname="LAPTOP-2PUSIUPJ" name="com.jbk.test.LoginTest" tests="2" failures="0" timestamp="2022-04-02T20:22:57 IST" time="12.915" errors="0">
  <testcase name="test02" time="4.139" classname="com.jbk.test.LoginTest"/>
  <system-out/>
  <testcase name="verifyTitleOfHomePage" time="8.776" classname="com.jbk.test.LoginTest"/>
  <system-out/>
</testsuite> <!-- com.jbk.test.LoginTest -->
