<?xml version="1.0" encoding="UTF-8"?>
<!-- Generated by org.testng.reporters.JUnitReportReporter -->
<testsuite skipped="0" hostname="LAPTOP-2PUSIUPJ" name="firstmaven.LoginTest" tests="2" failures="0" timestamp="2022-04-02T08:01:24 IST" time="0.030" errors="0">
  <testcase name="test01" time="0.026" classname="firstmaven.LoginTest"/>
  <system-out/>
  <testcase name="test02" time="0.004" classname="firstmaven.LoginTest"/>
  <system-out/>
</testsuite> <!-- firstmaven.LoginTest -->
