<?xml version="1.0" encoding="UTF-8"?>
<!-- Generated by org.testng.reporters.JUnitReportReporter -->
<testsuite skipped="0" hostname="LAPTOP-2PUSIUPJ" name="firstmaven.Dashboard" tests="2" failures="0" timestamp="2022-04-02T08:01:24 IST" time="0.012" errors="0">
  <testcase name="test05" time="0.009" classname="firstmaven.Dashboard"/>
  <system-out/>
  <testcase name="test06" time="0.003" classname="firstmaven.Dashboard"/>
  <system-out/>
</testsuite> <!-- firstmaven.Dashboard -->
