<?xml version="1.0" encoding="UTF-8"?>
<!-- Generated by org.testng.reporters.JUnitReportReporter -->
<testsuite skipped="0" hostname="LAPTOP-2PUSIUPJ" name="com.jbk.LoginTest" tests="1" failures="0" timestamp="2022-04-02T20:00:21 IST" time="9.439" errors="0">
  <testcase name="test01" time="9.439" classname="com.jbk.LoginTest"/>
  <system-out/>
</testsuite> <!-- com.jbk.LoginTest -->
