<?xml version="1.0" encoding="UTF-8"?>
<!-- Generated by org.testng.reporters.JUnitReportReporter -->
<testsuite skipped="0" hostname="LAPTOP-2PUSIUPJ" name="firstmaven.RegisterTest" tests="2" failures="0" timestamp="2022-04-02T08:01:24 IST" time="0.007" errors="0">
  <testcase name="test04" time="0.004" classname="firstmaven.RegisterTest"/>
  <system-out/>
  <testcase name="test03" time="0.003" classname="firstmaven.RegisterTest"/>
  <system-out/>
</testsuite> <!-- firstmaven.RegisterTest -->
